<?xml version="1.0" encoding="UTF-8"?>
<testsuite xmlns:xsi="http://www.w3.org/2001/XMLSchema-instance" xsi:noNamespaceSchemaLocation="https://maven.apache.org/surefire/maven-surefire-plugin/xsd/surefire-test-report-3.0.xsd" version="3.0" name="com.journal.journalApp.JournalAppApplicationTests" time="6.472" tests="1" errors="0" skipped="0" failures="0">
  <properties>
[...]
</properties>
  <testcase name="contextLoads" classname="com.journal.journalApp.JournalAppApplicationTests" time="0.432">
    <system-out><![CDATA[18:07:31.846 [main] INFO org.springframework.test.context.support.AnnotationConfigContextLoaderUtils -- Could not detect default configuration classes for test class [com.journal.journalApp.JournalAppApplicationTests]: JournalAppApplicationTests does not declare any static, non-private, non-final, nested classes annotated with @Configuration.
18:07:31.889 [main] INFO org.springframework.boot.test.context.SpringBootTestContextBootstrapper -- Found @SpringBootConfiguration com.journal.journalApp.JournalApplication for test class com.journal.journalApp.JournalAppApplicationTests

  .   ____          _            __ _ _
 /\\ / ___'_ __ _ _(_)_ __  __ _ \ \ \ \
( ( )\___ | '_ | '_| | '_ \/ _` | \ \ \ \
 \\/  ___)| |_)| | | | | || (_| |  ) ) ) )
  '  |____| .__|_| |_|_| |_\__, | / / / /
 =========|_|==============|___/=/_/_/_/
 :: Spring Boot ::                (v3.2.8)

2024-08-10T18:07:32.032+01:00  INFO 91792 --- [journalApp] [           main] c.j.j.JournalAppApplicationTests         : Starting JournalAppApplicationTests using Java 17.0.11 with PID 91792 (started by abdulrasheed in /Users/abdulrasheed/Desktop/Java Preparation/Apps/journalApp)
2024-08-10T18:07:32.033+01:00  INFO 91792 --- [journalApp] [           main] c.j.j.JournalAppApplicationTests         : No active profile set, falling back to 1 default profile: "default"
2024-08-10T18:07:32.271+01:00  INFO 91792 --- [journalApp] [           main] .s.d.r.c.RepositoryConfigurationDelegate : Bootstrapping Spring Data MongoDB repositories in DEFAULT mode.
2024-08-10T18:07:32.294+01:00  INFO 91792 --- [journalApp] [           main] .s.d.r.c.RepositoryConfigurationDelegate : Finished Spring Data repository scanning in 21 ms. Found 2 MongoDB repository interfaces.
2024-08-10T18:07:33.697+01:00  INFO 91792 --- [journalApp] [           main] org.mongodb.driver.client                : MongoClient with metadata {"application": {"name": "Cluster0"}, "driver": {"name": "mongo-java-driver|sync|spring-boot", "version": "4.11.2"}, "os": {"type": "Darwin", "name": "Mac OS X", "architecture": "aarch64", "version": "14.4.1"}, "platform": "Java/JetBrains s.r.o./17.0.11+1-b1312.2"} created with settings MongoClientSettings{readPreference=primary, writeConcern=WriteConcern{w=majority, wTimeout=null ms, journal=null}, retryWrites=true, retryReads=true, readConcern=ReadConcern{level=null}, credential=MongoCredential{mechanism=null, userName='abdul786ar36', source='admin', password=<hidden>, mechanismProperties=<hidden>}, transportSettings=null, streamFactoryFactory=null, commandListeners=[], codecRegistry=ProvidersCodecRegistry{codecProviders=[ValueCodecProvider{}, BsonValueCodecProvider{}, DBRefCodecProvider{}, DBObjectCodecProvider{}, DocumentCodecProvider{}, CollectionCodecProvider{}, IterableCodecProvider{}, MapCodecProvider{}, GeoJsonCodecProvider{}, GridFSFileCodecProvider{}, Jsr310CodecProvider{}, JsonObjectCodecProvider{}, BsonCodecProvider{}, EnumCodecProvider{}, com.mongodb.client.model.mql.ExpressionCodecProvider@769bd849, com.mongodb.Jep395RecordCodecProvider@101ca8da, com.mongodb.KotlinCodecProvider@20a967fe]}, loggerSettings=LoggerSettings{maxDocumentLength=1000}, clusterSettings={hosts=[127.0.0.1:27017], srvHost=cluster0.ss9ul.mongodb.net, srvServiceName=mongodb, mode=MULTIPLE, requiredClusterType=REPLICA_SET, requiredReplicaSetName='atlas-jxo4eg-shard-0', serverSelector='null', clusterListeners='[]', serverSelectionTimeout='30000 ms', localThreshold='15 ms'}, socketSettings=SocketSettings{connectTimeoutMS=10000, readTimeoutMS=0, receiveBufferSize=0, proxySettings=ProxySettings{host=null, port=null, username=null, password=null}}, heartbeatSocketSettings=SocketSettings{connectTimeoutMS=10000, readTimeoutMS=10000, receiveBufferSize=0, proxySettings=ProxySettings{host=null, port=null, username=null, password=null}}, connectionPoolSettings=ConnectionPoolSettings{maxSize=100, minSize=0, maxWaitTimeMS=120000, maxConnectionLifeTimeMS=0, maxConnectionIdleTimeMS=0, maintenanceInitialDelayMS=0, maintenanceFrequencyMS=60000, connectionPoolListeners=[], maxConnecting=2}, serverSettings=ServerSettings{heartbeatFrequencyMS=10000, minHeartbeatFrequencyMS=500, serverListeners='[]', serverMonitorListeners='[]'}, sslSettings=SslSettings{enabled=true, invalidHostNameAllowed=false, context=null}, applicationName='Cluster0', compressorList=[], uuidRepresentation=JAVA_LEGACY, serverApi=null, autoEncryptionSettings=null, dnsClient=null, inetAddressResolver=null, contextProvider=null}
2024-08-10T18:07:33.698+01:00  INFO 91792 --- [journalApp] [9ul.mongodb.net] org.mongodb.driver.cluster               : Adding discovered server cluster0-shard-00-00.ss9ul.mongodb.net:27017 to client view of cluster
2024-08-10T18:07:33.708+01:00  INFO 91792 --- [journalApp] [9ul.mongodb.net] org.mongodb.driver.cluster               : Adding discovered server cluster0-shard-00-01.ss9ul.mongodb.net:27017 to client view of cluster
2024-08-10T18:07:33.709+01:00  INFO 91792 --- [journalApp] [9ul.mongodb.net] org.mongodb.driver.cluster               : Adding discovered server cluster0-shard-00-02.ss9ul.mongodb.net:27017 to client view of cluster
2024-08-10T18:07:33.821+01:00  INFO 91792 --- [journalApp] [           main] org.mongodb.driver.cluster               : No server chosen by WritableServerSelector from cluster description ClusterDescription{type=REPLICA_SET, connectionMode=MULTIPLE, serverDescriptions=[ServerDescription{address=cluster0-shard-00-00.ss9ul.mongodb.net:27017, type=UNKNOWN, state=CONNECTING}, ServerDescription{address=cluster0-shard-00-01.ss9ul.mongodb.net:27017, type=UNKNOWN, state=CONNECTING}, ServerDescription{address=cluster0-shard-00-02.ss9ul.mongodb.net:27017, type=UNKNOWN, state=CONNECTING}]}. Waiting for 30000 ms before timing out
2024-08-10T18:07:35.848+01:00  INFO 91792 --- [journalApp] [ngodb.net:27017] org.mongodb.driver.cluster               : Monitor thread successfully connected to server with description ServerDescription{address=cluster0-shard-00-00.ss9ul.mongodb.net:27017, type=REPLICA_SET_SECONDARY, state=CONNECTED, ok=true, minWireVersion=0, maxWireVersion=21, maxDocumentSize=16777216, logicalSessionTimeoutMinutes=30, roundTripTimeNanos=716821291, setName='atlas-jxo4eg-shard-0', canonicalAddress=cluster0-shard-00-00.ss9ul.mongodb.net:27017, hosts=[cluster0-shard-00-01.ss9ul.mongodb.net:27017, cluster0-shard-00-02.ss9ul.mongodb.net:27017, cluster0-shard-00-00.ss9ul.mongodb.net:27017], passives=[], arbiters=[], primary='cluster0-shard-00-01.ss9ul.mongodb.net:27017', tagSet=TagSet{[Tag{name='availabilityZone', value='euw1-az2'}, Tag{name='diskState', value='READY'}, Tag{name='nodeType', value='ELECTABLE'}, Tag{name='provider', value='AWS'}, Tag{name='region', value='EU_WEST_1'}, Tag{name='workloadType', value='OPERATIONAL'}]}, electionId=null, setVersion=15, topologyVersion=TopologyVersion{processId=66b667d23c1582ab506d6408, counter=4}, lastWriteDate=Sat Aug 10 18:07:35 BST 2024, lastUpdateTimeNanos=2206730534673041}
2024-08-10T18:07:35.848+01:00  INFO 91792 --- [journalApp] [ngodb.net:27017] org.mongodb.driver.cluster               : Monitor thread successfully connected to server with description ServerDescription{address=cluster0-shard-00-01.ss9ul.mongodb.net:27017, type=REPLICA_SET_PRIMARY, state=CONNECTED, ok=true, minWireVersion=0, maxWireVersion=21, maxDocumentSize=16777216, logicalSessionTimeoutMinutes=30, roundTripTimeNanos=716831791, setName='atlas-jxo4eg-shard-0', canonicalAddress=cluster0-shard-00-01.ss9ul.mongodb.net:27017, hosts=[cluster0-shard-00-01.ss9ul.mongodb.net:27017, cluster0-shard-00-02.ss9ul.mongodb.net:27017, cluster0-shard-00-00.ss9ul.mongodb.net:27017], passives=[], arbiters=[], primary='cluster0-shard-00-01.ss9ul.mongodb.net:27017', tagSet=TagSet{[Tag{name='availabilityZone', value='euw1-az3'}, Tag{name='diskState', value='READY'}, Tag{name='nodeType', value='ELECTABLE'}, Tag{name='provider', value='AWS'}, Tag{name='region', value='EU_WEST_1'}, Tag{name='workloadType', value='OPERATIONAL'}]}, electionId=7fffffff00000000000000e1, setVersion=15, topologyVersion=TopologyVersion{processId=66b668ffc101761e33f85579, counter=6}, lastWriteDate=Sat Aug 10 18:07:35 BST 2024, lastUpdateTimeNanos=2206730534682666}
2024-08-10T18:07:35.848+01:00  INFO 91792 --- [journalApp] [ngodb.net:27017] org.mongodb.driver.cluster               : Monitor thread successfully connected to server with description ServerDescription{address=cluster0-shard-00-02.ss9ul.mongodb.net:27017, type=REPLICA_SET_SECONDARY, state=CONNECTED, ok=true, minWireVersion=0, maxWireVersion=21, maxDocumentSize=16777216, logicalSessionTimeoutMinutes=30, roundTripTimeNanos=716762250, setName='atlas-jxo4eg-shard-0', canonicalAddress=cluster0-shard-00-02.ss9ul.mongodb.net:27017, hosts=[cluster0-shard-00-01.ss9ul.mongodb.net:27017, cluster0-shard-00-02.ss9ul.mongodb.net:27017, cluster0-shard-00-00.ss9ul.mongodb.net:27017], passives=[], arbiters=[], primary='cluster0-shard-00-01.ss9ul.mongodb.net:27017', tagSet=TagSet{[Tag{name='availabilityZone', value='euw1-az1'}, Tag{name='diskState', value='READY'}, Tag{name='nodeType', value='ELECTABLE'}, Tag{name='provider', value='AWS'}, Tag{name='region', value='EU_WEST_1'}, Tag{name='workloadType', value='OPERATIONAL'}]}, electionId=null, setVersion=15, topologyVersion=TopologyVersion{processId=66b66aa7bbe1b80a29d5e81e, counter=3}, lastWriteDate=Sat Aug 10 18:07:35 BST 2024, lastUpdateTimeNanos=2206730534654875}
2024-08-10T18:07:35.851+01:00  INFO 91792 --- [journalApp] [ngodb.net:27017] org.mongodb.driver.cluster               : Discovered replica set primary cluster0-shard-00-01.ss9ul.mongodb.net:27017 with max election id 7fffffff00000000000000e1 and max set version 15
2024-08-10T18:07:37.746+01:00  WARN 91792 --- [journalApp] [           main] .s.s.UserDetailsServiceAutoConfiguration : 

Using generated security password: 54883082-89e7-465e-9225-ecfd03caf33f

This generated password is for development use only. Your security configuration must be updated before running your application in production.

2024-08-10T18:07:37.787+01:00  INFO 91792 --- [journalApp] [           main] o.s.s.web.DefaultSecurityFilterChain     : Will secure any request with [org.springframework.security.web.session.DisableEncodeUrlFilter@4005e485, org.springframework.security.web.context.request.async.WebAsyncManagerIntegrationFilter@5f5c187d, org.springframework.security.web.context.SecurityContextHolderFilter@455da438, org.springframework.security.web.header.HeaderWriterFilter@4afdfc0f, org.springframework.web.filter.CorsFilter@464400b3, org.springframework.security.web.csrf.CsrfFilter@15186ce0, org.springframework.security.web.authentication.logout.LogoutFilter@2109a691, org.springframework.security.web.authentication.UsernamePasswordAuthenticationFilter@636dbfe7, org.springframework.security.web.authentication.ui.DefaultLoginPageGeneratingFilter@2c77344f, org.springframework.security.web.authentication.ui.DefaultLogoutPageGeneratingFilter@58182b96, org.springframework.security.web.authentication.www.BasicAuthenticationFilter@1850f2da, org.springframework.security.web.savedrequest.RequestCacheAwareFilter@438aaa9f, org.springframework.security.web.servletapi.SecurityContextHolderAwareRequestFilter@1752e45c, org.springframework.security.web.authentication.AnonymousAuthenticationFilter@37d6dddc, org.springframework.security.web.access.ExceptionTranslationFilter@1f42366, org.springframework.security.web.access.intercept.AuthorizationFilter@2913ca3e]
2024-08-10T18:07:37.805+01:00  INFO 91792 --- [journalApp] [           main] c.j.j.JournalAppApplicationTests         : Started JournalAppApplicationTests in 5.862 seconds (process running for 6.226)
]]></system-out>
  </testcase>
</testsuite>